Change Component Footprint: Designator=C1 Old Footprint=CAPC2113X06N New Footprint=RES0603
Change Component Footprint: Designator=C2 Old Footprint=CAPC2113X06N New Footprint=RES0603
Change Component Footprint: Designator=C3 Old Footprint=CAPC2113X06N New Footprint=RES0603
Change Component Footprint: Designator=C4 Old Footprint=CAPC2113X06N New Footprint=RES0603
Change Component Footprint: Designator=C5 Old Footprint=CAPC2113X06N New Footprint=RES0603
Change Component Footprint: Designator=C6 Old Footprint=CAPC2113X06N New Footprint=RES0603
Change Component Footprint: Designator=C7 Old Footprint=CAPC2113X06N New Footprint=RES0603
Change Component Footprint: Designator=C8 Old Footprint=CAPC2113X06N New Footprint=RES0603
Change Component Footprint: Designator=C9 Old Footprint=CAPC2113X06N New Footprint=RES0603
Change Component Footprint: Designator=C10 Old Footprint=CAPC2113X06N New Footprint=RES0603
Change Component Footprint: Designator=C11 Old Footprint=CAPC2113X06N New Footprint=RES0603
Change Component Footprint: Designator=C12 Old Footprint=CAPC2113X06N New Footprint=RES0603
Change Component Footprint: Designator=C13 Old Footprint=CAPC2113X06N New Footprint=RES0603
Change Component Footprint: Designator=C14 Old Footprint=CAPC2113X06N New Footprint=RES0603
Change Component Footprint: Designator=C15 Old Footprint=CAPC2113X06N New Footprint=RES0603
Change Component Footprint: Designator=C16 Old Footprint=CAPC2113X06N New Footprint=RES0603
Change Component Footprint: Designator=C17 Old Footprint=CAPC2113X06N New Footprint=RES0603
Change Component Footprint: Designator=C18 Old Footprint=CAPC2113X06N New Footprint=RES0603
Change Component Footprint: Designator=C19 Old Footprint=CAPC2113X06N New Footprint=RES0603
Change Component Footprint: Designator=R1 Old Footprint=CAPC2113X06N New Footprint=RES0603
Change Component Footprint: Designator=R2 Old Footprint=CAPC2113X06N New Footprint=RES0603
Change Component Footprint: Designator=R3 Old Footprint=CAPC2113X06N New Footprint=RES0603
Change Component Footprint: Designator=R4 Old Footprint=CAPC2113X06N New Footprint=RES0603
Change Component Footprint: Designator=R5 Old Footprint=CAPC2113X06N New Footprint=RES0603
Change Component Footprint: Designator=R6 Old Footprint=CAPC2113X06N New Footprint=RES0603
Change Component Footprint: Designator=R7 Old Footprint=CAPC2113X06N New Footprint=RES0603
Change Component Footprint: Designator=R8 Old Footprint=CAPC2113X06N New Footprint=RES0603
Change Component Footprint: Designator=R9 Old Footprint=CAPC2113X06N New Footprint=RES0603
Change Component Footprint: Designator=R10 Old Footprint=CAPC2113X06N New Footprint=RES0603
Change Component Footprint: Designator=R11 Old Footprint=CAPC2113X06N New Footprint=RES0603
Change Component Footprint: Designator=R12 Old Footprint=CAPC2113X06N New Footprint=RES0603
Change Component Footprint: Designator=R13 Old Footprint=CAPC2113X06N New Footprint=RES0603
Change Component Footprint: Designator=R14 Old Footprint=CAPC2113X06N New Footprint=RES0603
Change Component Footprint: Designator=R15 Old Footprint=CAPC2113X06N New Footprint=RES0603
Change Component Footprint: Designator=R16 Old Footprint=CAPC2113X06N New Footprint=RES0603
Change Component Footprint: Designator=R17 Old Footprint=CAPC2113X06N New Footprint=RES0603
Change Component Footprint: Designator=R18 Old Footprint=CAPC2113X06N New Footprint=RES0603
Change Component Footprint: Designator=R19 Old Footprint=CAPC2113X06N New Footprint=RES0603
Change Component Footprint: Designator=R20 Old Footprint=CAPC2113X06N New Footprint=RES0603
Change Component Footprint: Designator=R21 Old Footprint=CAPC2113X06N New Footprint=RES0603
Change Component Footprint: Designator=R22 Old Footprint=CAPC2113X06N New Footprint=RES0603
Change Component Footprint: Designator=R23 Old Footprint=CAPC2113X06N New Footprint=RES0603
Change Component Footprint: Designator=R24 Old Footprint=CAPC2113X06N New Footprint=RES0603
Change Component Footprint: Designator=R25 Old Footprint=CAPC2113X06N New Footprint=RES0603
Change Component Footprint: Designator=R26 Old Footprint=CAPC2113X06N New Footprint=RES0603
Change Component Designator: OldDesignator=TP14 NewDesignator=TP12
Change Component Designator: OldDesignator=TP15 NewDesignator=TP13
Change Component Designator: OldDesignator=XS2 NewDesignator=XS1
Change Component Designator: OldDesignator=XS3 NewDesignator=XS2
Change Component Designator: OldDesignator=XS4 NewDesignator=XS3
Added Component: Designator=BR1(ENCODER_LED_2)
Added Component: Designator=HF1(PCBComponent_1)
Added Pin To Net: NetName=GND Pin=BR1-EC
Added Pin To Net: NetName=ENC BUT Pin=BR1-K+
Added Pin To Net: NetName=GND Pin=BR1-K-
Added Pin To Net: NetName=GND Pin=HF1-1
Added Pin To Net: NetName=NetBR1_EA Pin=BR1-EA
Added Pin To Net: NetName=NetBR1_EA Pin=R14-1
Added Pin To Net: NetName=NetBR1_EA Pin=R15-1
Added Net: Name=NetBR1_EA
Added Pin To Net: NetName=NetBR1_EB Pin=BR1-EB
Added Pin To Net: NetName=NetBR1_EB Pin=R13-1
Added Pin To Net: NetName=NetBR1_EB Pin=R16-1
Added Net: Name=NetBR1_EB
Added Pin To Net: NetName=NetDD6_1 Pin=DD6-1
Added Pin To Net: NetName=NetDD6_1 Pin=HF1-2
Added Net: Name=NetDD6_1
Added Member To Class: ClassName=ESP_SCH Member=Component BR1 ENC130175F-12PS
Added Member To Class: ClassName=ESP_SCH Member=Component HF1 KPX-G1201
