Removed Pin From Net: NetName=TEST LED1 Pin=HL2-1
Removed Pin From Net: NetName=TEST LED2 Pin=HL3-1
Removed Pin From Net: NetName=GND Pin=R25-2
Removed Pin From Net: NetName=GND Pin=R26-2
Removed Pin From Net: NetName=ICSP R\S\T\ Pin=TP4-1
Removed Pin From Net: NetName=+3.3V Pin=TP12-1
Removed Pin From Net: NetName=GND Pin=TP13-1
Removed Member From Class: ClassName=ESP_SCH_debug and testing Member=HL2
Removed Member From Class: ClassName=ESP_SCH_debug and testing Member=HL3
Removed Member From Class: ClassName=ESP_SCH_debug and testing Member=R25
Removed Member From Class: ClassName=ESP_SCH_debug and testing Member=R26
Removed Member From Class: ClassName=ESP_SCH_debug and testing Member=TP111
Removed Member From Class: ClassName=ESP_SCH_debug and testing Member=TPJ1
Removed Member From Class: ClassName=ESP_SCH Member=XS?
Change Component Footprint: Designator=TP12 Old Footprint=TP no hole New Footprint=TP hole plated
Change Component Footprint: Designator=TP13 Old Footprint=TP no hole New Footprint=TP hole plated
Change Component Designator: OldDesignator=TP111 NewDesignator=TP4
Change Component Designator: OldDesignator=XS1 NewDesignator=XS3
Change Component Designator: OldDesignator=XS2 NewDesignator=XS4
Change Component Designator: OldDesignator=XS3 NewDesignator=XS5
Change Component Designator: OldDesignator=XS? NewDesignator=XS1
Change Component Designator: OldDesignator=XS? NewDesignator=XS2
Change Component Designator: OldDesignator=ZQ? NewDesignator=ZQ1
Added Component: Designator=TP14(TP hole plated)
Added Component: Designator=TP15(TP hole plated)
Added Component: Designator=TP15(TP hole plated)
Added Component: Designator=TP16(TP hole plated)
Added Pin To Net: NetName=ICSP R\S\T\ Pin=TP4-1
Added Pin To Net: NetName=USB TXD Pin=TP12-1
Added Pin To Net: NetName=USB RXD Pin=TP13-1
Added Pin To Net: NetName=+3.3V Pin=TP14-1
Added Pin To Net: NetName=GND Pin=TP15-1
Added Pin To Net: NetName=TEST LED2 Pin=TP15-1
Added Pin To Net: NetName=TEST LED1 Pin=TP16-1
Added Member To Class: ClassName=ESP_SCH_debug and testing Member=Component TP14 TP
Added Member To Class: ClassName=ESP_SCH_debug and testing Member=Component TP15 TP
Added Member To Class: ClassName=ESP_SCH_debug and testing Member=Component TP16 TP
Added Member To Class: ClassName=ESP_SCH Member=Component XS4 SSD1306
Added Member To Class: ClassName=ESP_SCH Member=Component XS5 uSD
