Change Component Designator: OldDesignator=C1 NewDesignator=C7
Change Component Designator: OldDesignator=C2 NewDesignator=C8
Change Component Designator: OldDesignator=C3 NewDesignator=C1
Change Component Designator: OldDesignator=C4 NewDesignator=C2
Change Component Designator: OldDesignator=C5 NewDesignator=C3
Change Component Designator: OldDesignator=C6 NewDesignator=C4
Change Component Designator: OldDesignator=C7 NewDesignator=C5
Change Component Designator: OldDesignator=C8 NewDesignator=C6
Change Component Designator: OldDesignator=DD1 NewDesignator=DD2
Change Component Designator: OldDesignator=DD2 NewDesignator=DD3
Change Component Designator: OldDesignator=DD3 NewDesignator=DD1
Change Component Designator: OldDesignator=DD4 NewDesignator=DD6
Change Component Designator: OldDesignator=DD5 NewDesignator=DD4
Change Component Designator: OldDesignator=DD6 NewDesignator=DD5
Change Component Designator: OldDesignator=R2 NewDesignator=R6
Change Component Designator: OldDesignator=R3 NewDesignator=R2
Change Component Designator: OldDesignator=R4 NewDesignator=R3
Change Component Designator: OldDesignator=R5 NewDesignator=R4
Change Component Designator: OldDesignator=R6 NewDesignator=R5
Change Component Designator: OldDesignator=R10 NewDesignator=R11
Change Component Designator: OldDesignator=R11 NewDesignator=R10
Change Component Designator: OldDesignator=R20 NewDesignator=R21
Change Component Designator: OldDesignator=R21 NewDesignator=R20
Change Net Name : Old Net Name=NetDD1_5 New Net Name=NetDD2_5
Change Net Name : Old Net Name=NetDD2_5 New Net Name=NetDD3_5
Change Net Name : Old Net Name=NetDD3_3 New Net Name=NetDD1_3
Change Net Name : Old Net Name=NetDD3_4 New Net Name=NetDD1_4
Change Net Name : Old Net Name=NetDD3_8 New Net Name=NetDD1_8
Change Net Name : Old Net Name=NetDD3_9 New Net Name=NetDD1_9
Change Net Name : Old Net Name=NetDD4_1 New Net Name=NetDD6_1
Change Net Name : Old Net Name=NetDD4_2 New Net Name=NetDD6_2
Change Net Name : Old Net Name=NetDD6_1 New Net Name=NetDD5_1
Change Net Name : Old Net Name=NetDD6_23 New Net Name=NetDD5_23
Change Net Name : Old Net Name=NetR3_1 New Net Name=NetR2_1
Change Net Name : Old Net Name=NetR4_1 New Net Name=NetR3_1
Added Member To Class: ClassName=ESP_SCH_debug and testing Member=Component TP15 TP
