Replace Part C? C0805 in C:\Users\rulo9\Documents\GitHub\ESP8266-Wi-Fi-RFID\PCB\ESP RFID\ESP_SCH.SchDoc with C0805 from Symbols GOST.SchLib
Replace Part C? C0805 in C:\Users\rulo9\Documents\GitHub\ESP8266-Wi-Fi-RFID\PCB\ESP RFID\ESP_SCH.SchDoc with C0805 from Symbols GOST.SchLib
Replace Part C? C0805 in C:\Users\rulo9\Documents\GitHub\ESP8266-Wi-Fi-RFID\PCB\ESP RFID\ESP_SCH.SchDoc with C0805 from Symbols GOST.SchLib
Replace Part C? C0805 in C:\Users\rulo9\Documents\GitHub\ESP8266-Wi-Fi-RFID\PCB\ESP RFID\ESP_SCH.SchDoc with C0805 from Symbols GOST.SchLib
Replace Part C? C0805 in C:\Users\rulo9\Documents\GitHub\ESP8266-Wi-Fi-RFID\PCB\ESP RFID\ESP_SCH.SchDoc with C0805 from Symbols GOST.SchLib
Replace Part C? C0805 in C:\Users\rulo9\Documents\GitHub\ESP8266-Wi-Fi-RFID\PCB\ESP RFID\ESP_SCH.SchDoc with C0805 from Symbols GOST.SchLib
Replace Part C? C0805 in C:\Users\rulo9\Documents\GitHub\ESP8266-Wi-Fi-RFID\PCB\ESP RFID\ESP_SCH.SchDoc with C0805 from Symbols GOST.SchLib
Replace Part C? C0805 in C:\Users\rulo9\Documents\GitHub\ESP8266-Wi-Fi-RFID\PCB\ESP RFID\ESP_SCH.SchDoc with C0805 from Symbols GOST.SchLib
Replace Part DD? MCP73831T in C:\Users\rulo9\Documents\GitHub\ESP8266-Wi-Fi-RFID\PCB\ESP RFID\ESP_SCH.SchDoc with MCP73831T from Symbols GOST.SchLib
Replace Part DD? MCP1725-3302E/MC in C:\Users\rulo9\Documents\GitHub\ESP8266-Wi-Fi-RFID\PCB\ESP RFID\ESP_SCH.SchDoc with MCP1725-3302E/MC from Symbols GOST.SchLib
Replace Part HL? HL_02 in C:\Users\rulo9\Documents\GitHub\ESP8266-Wi-Fi-RFID\PCB\ESP RFID\ESP_SCH.SchDoc with HL_02 from Symbols GOST.SchLib
Replace Part R? R0805 in C:\Users\rulo9\Documents\GitHub\ESP8266-Wi-Fi-RFID\PCB\ESP RFID\ESP_SCH.SchDoc with R0805 from Symbols GOST.SchLib
Replace Part R? R0805 in C:\Users\rulo9\Documents\GitHub\ESP8266-Wi-Fi-RFID\PCB\ESP RFID\ESP_SCH.SchDoc with R0805 from Symbols GOST.SchLib
Replace Part R? R0805 in C:\Users\rulo9\Documents\GitHub\ESP8266-Wi-Fi-RFID\PCB\ESP RFID\ESP_SCH.SchDoc with R0805 from Symbols GOST.SchLib
Replace Part R? R0805 in C:\Users\rulo9\Documents\GitHub\ESP8266-Wi-Fi-RFID\PCB\ESP RFID\ESP_SCH.SchDoc with R0805 from Symbols GOST.SchLib
Replace Part R? R0805 in C:\Users\rulo9\Documents\GitHub\ESP8266-Wi-Fi-RFID\PCB\ESP RFID\ESP_SCH.SchDoc with R0805 from Symbols GOST.SchLib
Replace Part R? R0805 in C:\Users\rulo9\Documents\GitHub\ESP8266-Wi-Fi-RFID\PCB\ESP RFID\ESP_SCH.SchDoc with R0805 from Symbols GOST.SchLib
Replace Part U? CP2104-F03-GM in C:\Users\rulo9\Documents\GitHub\ESP8266-Wi-Fi-RFID\PCB\ESP RFID\ESP_SCH.SchDoc with CP2104-F03-GM from Symbols GOST.SchLib
Replace Part XS? usb in C:\Users\rulo9\Documents\GitHub\ESP8266-Wi-Fi-RFID\PCB\ESP RFID\ESP_SCH.SchDoc with usb from Symbols GOST.SchLib
Replace Part XS? RC522 in C:\Users\rulo9\Documents\GitHub\ESP8266-Wi-Fi-RFID\PCB\ESP RFID\ESP_SCH.SchDoc with RC522 from Symbols GOST.SchLib
Replace Part XS? SSD1306 in C:\Users\rulo9\Documents\GitHub\ESP8266-Wi-Fi-RFID\PCB\ESP RFID\ESP_SCH.SchDoc with SSD1306 from Symbols GOST.SchLib
