Change Component Designator: Old Designator=C1 New Designator=C?
Change Component Designator: Old Designator=C2 New Designator=C?
Change Component Designator: Old Designator=C6 New Designator=C?
Change Component Designator: Old Designator=C8 New Designator=C?
Change Component Designator: Old Designator=C9 New Designator=C?
Change Component Designator: Old Designator=C12 New Designator=C?
Change Component Designator: Old Designator=C13 New Designator=C?
Change Component Designator: Old Designator=C14 New Designator=C?
Change Component Designator: Old Designator=DD1 New Designator=DD?
Change Component Designator: Old Designator=DD2 New Designator=DD?
Change Component Designator: Old Designator=HL1 New Designator=HL?
Change Component Designator: Old Designator=R1 New Designator=R?
Change Component Designator: Old Designator=R2 New Designator=R?
Change Component Designator: Old Designator=R3 New Designator=R?
Change Component Designator: Old Designator=R11 New Designator=R?
Change Component Designator: Old Designator=R12 New Designator=R?
Change Component Designator: Old Designator=R13 New Designator=R?
Change Component Designator: Old Designator=U1 New Designator=U?
Change Component Designator: Old Designator=XS1 New Designator=XS?
Change Component Designator: Old Designator=XS2 New Designator=XS?
Change Component Designator: Old Designator=XS3 New Designator=XS?
Change Component Designator: Old Designator=XS4 New Designator=XS?
