Replace Part C1 C0805 in C:\Users\rulo9\Documents\GitHub\ESP8266-Wi-Fi-RFID\PCB\ESP RFID\ESP_SCH.SchDoc with C0805 from Symbols GOST.SchLib
Replace Part C2 C0805 in C:\Users\rulo9\Documents\GitHub\ESP8266-Wi-Fi-RFID\PCB\ESP RFID\ESP_SCH.SchDoc with C0805 from Symbols GOST.SchLib
Replace Part C3 C0805 in C:\Users\rulo9\Documents\GitHub\ESP8266-Wi-Fi-RFID\PCB\ESP RFID\ESP_SCH.SchDoc with C0805 from Symbols GOST.SchLib
Replace Part C4 C0805 in C:\Users\rulo9\Documents\GitHub\ESP8266-Wi-Fi-RFID\PCB\ESP RFID\ESP_SCH.SchDoc with C0805 from Symbols GOST.SchLib
Replace Part C5 C0805 in C:\Users\rulo9\Documents\GitHub\ESP8266-Wi-Fi-RFID\PCB\ESP RFID\ESP_SCH.SchDoc with C0805 from Symbols GOST.SchLib
Replace Part C6 C0805 in C:\Users\rulo9\Documents\GitHub\ESP8266-Wi-Fi-RFID\PCB\ESP RFID\ESP_SCH.SchDoc with C0805 from Symbols GOST.SchLib
Replace Part C7 C0805 in C:\Users\rulo9\Documents\GitHub\ESP8266-Wi-Fi-RFID\PCB\ESP RFID\ESP_SCH.SchDoc with C0805 from Symbols GOST.SchLib
Replace Part C8 C0805 in C:\Users\rulo9\Documents\GitHub\ESP8266-Wi-Fi-RFID\PCB\ESP RFID\ESP_SCH.SchDoc with C0805 from Symbols GOST.SchLib
Replace Part C? C0805 in C:\Users\rulo9\Documents\GitHub\ESP8266-Wi-Fi-RFID\PCB\ESP RFID\ESP_SCH.SchDoc with C0805 from Symbols GOST.SchLib
Replace Part DD1 MCP1725-3302E/MC in C:\Users\rulo9\Documents\GitHub\ESP8266-Wi-Fi-RFID\PCB\ESP RFID\ESP_SCH.SchDoc with MCP1725-3302E/MC from Symbols GOST.SchLib
Replace Part DD2 MCP73831T in C:\Users\rulo9\Documents\GitHub\ESP8266-Wi-Fi-RFID\PCB\ESP RFID\ESP_SCH.SchDoc with MCP73831T from Symbols GOST.SchLib
Replace Part DD? ESP-12E in C:\Users\rulo9\Documents\GitHub\ESP8266-Wi-Fi-RFID\PCB\ESP RFID\ESP_SCH.SchDoc with ESP-12E from Symbols GOST.SchLib
Replace Part HL1 HL_02 in C:\Users\rulo9\Documents\GitHub\ESP8266-Wi-Fi-RFID\PCB\ESP RFID\ESP_SCH.SchDoc with HL_02 from Symbols GOST.SchLib
Replace Part R1 R0805 in C:\Users\rulo9\Documents\GitHub\ESP8266-Wi-Fi-RFID\PCB\ESP RFID\ESP_SCH.SchDoc with R0805 from Symbols GOST.SchLib
Replace Part R2 R0805 in C:\Users\rulo9\Documents\GitHub\ESP8266-Wi-Fi-RFID\PCB\ESP RFID\ESP_SCH.SchDoc with R0805 from Symbols GOST.SchLib
Replace Part R3 R0805 in C:\Users\rulo9\Documents\GitHub\ESP8266-Wi-Fi-RFID\PCB\ESP RFID\ESP_SCH.SchDoc with R0805 from Symbols GOST.SchLib
Replace Part R4 R0805 in C:\Users\rulo9\Documents\GitHub\ESP8266-Wi-Fi-RFID\PCB\ESP RFID\ESP_SCH.SchDoc with R0805 from Symbols GOST.SchLib
Replace Part R5 R0805 in C:\Users\rulo9\Documents\GitHub\ESP8266-Wi-Fi-RFID\PCB\ESP RFID\ESP_SCH.SchDoc with R0805 from Symbols GOST.SchLib
Replace Part R6 R0805 in C:\Users\rulo9\Documents\GitHub\ESP8266-Wi-Fi-RFID\PCB\ESP RFID\ESP_SCH.SchDoc with R0805 from Symbols GOST.SchLib
Replace Part R? R0805 in C:\Users\rulo9\Documents\GitHub\ESP8266-Wi-Fi-RFID\PCB\ESP RFID\ESP_SCH.SchDoc with R0805 from Symbols GOST.SchLib
Replace Part R? R0805 in C:\Users\rulo9\Documents\GitHub\ESP8266-Wi-Fi-RFID\PCB\ESP RFID\ESP_SCH.SchDoc with R0805 from Symbols GOST.SchLib
Replace Part R? R0805 in C:\Users\rulo9\Documents\GitHub\ESP8266-Wi-Fi-RFID\PCB\ESP RFID\ESP_SCH.SchDoc with R0805 from Symbols GOST.SchLib
Replace Part R? R0805 in C:\Users\rulo9\Documents\GitHub\ESP8266-Wi-Fi-RFID\PCB\ESP RFID\ESP_SCH.SchDoc with R0805 from Symbols GOST.SchLib
Replace Part R? R0805 in C:\Users\rulo9\Documents\GitHub\ESP8266-Wi-Fi-RFID\PCB\ESP RFID\ESP_SCH.SchDoc with R0805 from Symbols GOST.SchLib
Replace Part R? R0805 in C:\Users\rulo9\Documents\GitHub\ESP8266-Wi-Fi-RFID\PCB\ESP RFID\ESP_SCH.SchDoc with R0805 from Symbols GOST.SchLib
Replace Part R? R0805 in C:\Users\rulo9\Documents\GitHub\ESP8266-Wi-Fi-RFID\PCB\ESP RFID\ESP_SCH.SchDoc with R0805 from Symbols GOST.SchLib
Replace Part U1 CP2104-F03-GM in C:\Users\rulo9\Documents\GitHub\ESP8266-Wi-Fi-RFID\PCB\ESP RFID\ESP_SCH.SchDoc with CP2104-F03-GM from Symbols GOST.SchLib
Replace Part VT? VT_01 in C:\Users\rulo9\Documents\GitHub\ESP8266-Wi-Fi-RFID\PCB\ESP RFID\ESP_SCH.SchDoc with VT_01 from Symbols GOST.SchLib
Replace Part VT? VT_01 in C:\Users\rulo9\Documents\GitHub\ESP8266-Wi-Fi-RFID\PCB\ESP RFID\ESP_SCH.SchDoc with VT_01 from Symbols GOST.SchLib
Replace Part XS1 usb in C:\Users\rulo9\Documents\GitHub\ESP8266-Wi-Fi-RFID\PCB\ESP RFID\ESP_SCH.SchDoc with usb from Symbols GOST.SchLib
Replace Part XS2 RC522 in C:\Users\rulo9\Documents\GitHub\ESP8266-Wi-Fi-RFID\PCB\ESP RFID\ESP_SCH.SchDoc with RC522 from Symbols GOST.SchLib
Replace Part XS3 SSD1306 in C:\Users\rulo9\Documents\GitHub\ESP8266-Wi-Fi-RFID\PCB\ESP RFID\ESP_SCH.SchDoc with SSD1306 from Symbols GOST.SchLib
Replace Part XS4 uSD in C:\Users\rulo9\Documents\GitHub\ESP8266-Wi-Fi-RFID\PCB\ESP RFID\ESP_SCH.SchDoc with uSD from Symbols GOST.SchLib
