Replace Symbol from BR1 ENC130175F-12PS in C:\Users\rulo9\Documents\GitHub\ESP8266-Wi-Fi-RFID\PCB\ESP RFID\ESP_SCH.SchDoc with ENC130175F-12PS from Symbols GOST.SchLib
Replace Symbol from C1 C0805 in C:\Users\rulo9\Documents\GitHub\ESP8266-Wi-Fi-RFID\PCB\ESP RFID\ESP_SCH.SchDoc with C0805 from Symbols GOST.SchLib
Replace Symbol from C2 C0805 in C:\Users\rulo9\Documents\GitHub\ESP8266-Wi-Fi-RFID\PCB\ESP RFID\ESP_SCH.SchDoc with C0805 from Symbols GOST.SchLib
Replace Symbol from C3 C0805 in C:\Users\rulo9\Documents\GitHub\ESP8266-Wi-Fi-RFID\PCB\ESP RFID\ESP_SCH.SchDoc with C0805 from Symbols GOST.SchLib
Replace Symbol from C4 C0805 in C:\Users\rulo9\Documents\GitHub\ESP8266-Wi-Fi-RFID\PCB\ESP RFID\ESP_SCH.SchDoc with C0805 from Symbols GOST.SchLib
Replace Symbol from C5 C0805 in C:\Users\rulo9\Documents\GitHub\ESP8266-Wi-Fi-RFID\PCB\ESP RFID\ESP_SCH.SchDoc with C0805 from Symbols GOST.SchLib
Replace Symbol from C6 C0805 in C:\Users\rulo9\Documents\GitHub\ESP8266-Wi-Fi-RFID\PCB\ESP RFID\ESP_SCH.SchDoc with C0805 from Symbols GOST.SchLib
Replace Symbol from C7 C0805 in C:\Users\rulo9\Documents\GitHub\ESP8266-Wi-Fi-RFID\PCB\ESP RFID\ESP_SCH.SchDoc with C0805 from Symbols GOST.SchLib
Replace Symbol from C8 C0805 in C:\Users\rulo9\Documents\GitHub\ESP8266-Wi-Fi-RFID\PCB\ESP RFID\ESP_SCH.SchDoc with C0805 from Symbols GOST.SchLib
Replace Symbol from C9 C0805 in C:\Users\rulo9\Documents\GitHub\ESP8266-Wi-Fi-RFID\PCB\ESP RFID\ESP_SCH.SchDoc with C0805 from Symbols GOST.SchLib
Replace Symbol from C10 C0805 in C:\Users\rulo9\Documents\GitHub\ESP8266-Wi-Fi-RFID\PCB\ESP RFID\ESP_SCH.SchDoc with C0805 from Symbols GOST.SchLib
Replace Symbol from C11 C0805 in C:\Users\rulo9\Documents\GitHub\ESP8266-Wi-Fi-RFID\PCB\ESP RFID\ESP_SCH.SchDoc with C0805 from Symbols GOST.SchLib
Replace Symbol from C12 C0805 in C:\Users\rulo9\Documents\GitHub\ESP8266-Wi-Fi-RFID\PCB\ESP RFID\ESP_SCH.SchDoc with C0805 from Symbols GOST.SchLib
Replace Symbol from C13 C0805 in C:\Users\rulo9\Documents\GitHub\ESP8266-Wi-Fi-RFID\PCB\ESP RFID\ESP_SCH.SchDoc with C0805 from Symbols GOST.SchLib
Replace Symbol from C14 C0805 in C:\Users\rulo9\Documents\GitHub\ESP8266-Wi-Fi-RFID\PCB\ESP RFID\ESP_SCH.SchDoc with C0805 from Symbols GOST.SchLib
Replace Symbol from C15 C0805 in C:\Users\rulo9\Documents\GitHub\ESP8266-Wi-Fi-RFID\PCB\ESP RFID\ESP_SCH.SchDoc with C0805 from Symbols GOST.SchLib
Replace Symbol from C16 C0805 in C:\Users\rulo9\Documents\GitHub\ESP8266-Wi-Fi-RFID\PCB\ESP RFID\ESP_SCH.SchDoc with C0805 from Symbols GOST.SchLib
Replace Symbol from C17 C0805 in C:\Users\rulo9\Documents\GitHub\ESP8266-Wi-Fi-RFID\PCB\ESP RFID\ESP_SCH.SchDoc with C0805 from Symbols GOST.SchLib
Replace Symbol from C18 C0805 in C:\Users\rulo9\Documents\GitHub\ESP8266-Wi-Fi-RFID\PCB\ESP RFID\ESP_SCH.SchDoc with C0805 from Symbols GOST.SchLib
Replace Symbol from C19 C0805 in C:\Users\rulo9\Documents\GitHub\ESP8266-Wi-Fi-RFID\PCB\ESP RFID\ESP_SCH.SchDoc with C0805 from Symbols GOST.SchLib
Replace Symbol from DD1 CP2104-F03-GM in C:\Users\rulo9\Documents\GitHub\ESP8266-Wi-Fi-RFID\PCB\ESP RFID\ESP_SCH.SchDoc with CP2104-F03-GM from Symbols GOST.SchLib
Replace Symbol from DD2 MCP1725-3302E/MC in C:\Users\rulo9\Documents\GitHub\ESP8266-Wi-Fi-RFID\PCB\ESP RFID\ESP_SCH.SchDoc with MCP1725-3302E/MC from Symbols GOST.SchLib
Replace Symbol from DD3 MCP73831T in C:\Users\rulo9\Documents\GitHub\ESP8266-Wi-Fi-RFID\PCB\ESP RFID\ESP_SCH.SchDoc with MCP73831T from Symbols GOST.SchLib
Replace Symbol from DD4 ESP-12E in C:\Users\rulo9\Documents\GitHub\ESP8266-Wi-Fi-RFID\PCB\ESP RFID\ESP_SCH.SchDoc with ESP-12E from Symbols GOST.SchLib
Replace Symbol from DD6 PCF8563 in C:\Users\rulo9\Documents\GitHub\ESP8266-Wi-Fi-RFID\PCB\ESP RFID\ESP_SCH.SchDoc with PCF8563 from Symbols GOST.SchLib
Replace Symbol from HF1 HF in C:\Users\rulo9\Documents\GitHub\ESP8266-Wi-Fi-RFID\PCB\ESP RFID\ESP_SCH.SchDoc with HF from Symbols GOST.SchLib
Replace Symbol from HL1 HL_02 in C:\Users\rulo9\Documents\GitHub\ESP8266-Wi-Fi-RFID\PCB\ESP RFID\ESP_SCH.SchDoc with HL_02 from Symbols GOST.SchLib
Replace Symbol from R1 R0805 in C:\Users\rulo9\Documents\GitHub\ESP8266-Wi-Fi-RFID\PCB\ESP RFID\ESP_SCH.SchDoc with R0805 from Symbols GOST.SchLib
Replace Symbol from R2 R0805 in C:\Users\rulo9\Documents\GitHub\ESP8266-Wi-Fi-RFID\PCB\ESP RFID\ESP_SCH.SchDoc with R0805 from Symbols GOST.SchLib
Replace Symbol from R3 R0805 in C:\Users\rulo9\Documents\GitHub\ESP8266-Wi-Fi-RFID\PCB\ESP RFID\ESP_SCH.SchDoc with R0805 from Symbols GOST.SchLib
Replace Symbol from R4 R0805 in C:\Users\rulo9\Documents\GitHub\ESP8266-Wi-Fi-RFID\PCB\ESP RFID\ESP_SCH.SchDoc with R0805 from Symbols GOST.SchLib
Replace Symbol from R5 R0805 in C:\Users\rulo9\Documents\GitHub\ESP8266-Wi-Fi-RFID\PCB\ESP RFID\ESP_SCH.SchDoc with R0805 from Symbols GOST.SchLib
Replace Symbol from R6 R0805 in C:\Users\rulo9\Documents\GitHub\ESP8266-Wi-Fi-RFID\PCB\ESP RFID\ESP_SCH.SchDoc with R0805 from Symbols GOST.SchLib
Replace Symbol from R7 R0805 in C:\Users\rulo9\Documents\GitHub\ESP8266-Wi-Fi-RFID\PCB\ESP RFID\ESP_SCH.SchDoc with R0805 from Symbols GOST.SchLib
Replace Symbol from R8 R0805 in C:\Users\rulo9\Documents\GitHub\ESP8266-Wi-Fi-RFID\PCB\ESP RFID\ESP_SCH.SchDoc with R0805 from Symbols GOST.SchLib
Replace Symbol from R9 R0805 in C:\Users\rulo9\Documents\GitHub\ESP8266-Wi-Fi-RFID\PCB\ESP RFID\ESP_SCH.SchDoc with R0805 from Symbols GOST.SchLib
Replace Symbol from R10 R0805 in C:\Users\rulo9\Documents\GitHub\ESP8266-Wi-Fi-RFID\PCB\ESP RFID\ESP_SCH.SchDoc with R0805 from Symbols GOST.SchLib
Replace Symbol from R11 R0805 in C:\Users\rulo9\Documents\GitHub\ESP8266-Wi-Fi-RFID\PCB\ESP RFID\ESP_SCH.SchDoc with R0805 from Symbols GOST.SchLib
Replace Symbol from R12 R0805 in C:\Users\rulo9\Documents\GitHub\ESP8266-Wi-Fi-RFID\PCB\ESP RFID\ESP_SCH.SchDoc with R0805 from Symbols GOST.SchLib
Replace Symbol from R13 R0805 in C:\Users\rulo9\Documents\GitHub\ESP8266-Wi-Fi-RFID\PCB\ESP RFID\ESP_SCH.SchDoc with R0805 from Symbols GOST.SchLib
Replace Symbol from R14 R0805 in C:\Users\rulo9\Documents\GitHub\ESP8266-Wi-Fi-RFID\PCB\ESP RFID\ESP_SCH.SchDoc with R0805 from Symbols GOST.SchLib
Replace Symbol from R15 R0805 in C:\Users\rulo9\Documents\GitHub\ESP8266-Wi-Fi-RFID\PCB\ESP RFID\ESP_SCH.SchDoc with R0805 from Symbols GOST.SchLib
Replace Symbol from R16 R0805 in C:\Users\rulo9\Documents\GitHub\ESP8266-Wi-Fi-RFID\PCB\ESP RFID\ESP_SCH.SchDoc with R0805 from Symbols GOST.SchLib
Replace Symbol from R18 R0805 in C:\Users\rulo9\Documents\GitHub\ESP8266-Wi-Fi-RFID\PCB\ESP RFID\ESP_SCH.SchDoc with R0805 from Symbols GOST.SchLib
Replace Symbol from R19 R0805 in C:\Users\rulo9\Documents\GitHub\ESP8266-Wi-Fi-RFID\PCB\ESP RFID\ESP_SCH.SchDoc with R0805 from Symbols GOST.SchLib
Replace Symbol from R20 R0805 in C:\Users\rulo9\Documents\GitHub\ESP8266-Wi-Fi-RFID\PCB\ESP RFID\ESP_SCH.SchDoc with R0805 from Symbols GOST.SchLib
Replace Symbol from R21 R0805 in C:\Users\rulo9\Documents\GitHub\ESP8266-Wi-Fi-RFID\PCB\ESP RFID\ESP_SCH.SchDoc with R0805 from Symbols GOST.SchLib
Replace Symbol from R22 R0805 in C:\Users\rulo9\Documents\GitHub\ESP8266-Wi-Fi-RFID\PCB\ESP RFID\ESP_SCH.SchDoc with R0805 from Symbols GOST.SchLib
Replace Symbol from R23 R0805 in C:\Users\rulo9\Documents\GitHub\ESP8266-Wi-Fi-RFID\PCB\ESP RFID\ESP_SCH.SchDoc with R0805 from Symbols GOST.SchLib
Replace Symbol from R24 R0805 in C:\Users\rulo9\Documents\GitHub\ESP8266-Wi-Fi-RFID\PCB\ESP RFID\ESP_SCH.SchDoc with R0805 from Symbols GOST.SchLib
Replace Symbol from VT1 VT_01 in C:\Users\rulo9\Documents\GitHub\ESP8266-Wi-Fi-RFID\PCB\ESP RFID\ESP_SCH.SchDoc with VT_01 from Symbols GOST.SchLib
Replace Symbol from VT2 VT_01 in C:\Users\rulo9\Documents\GitHub\ESP8266-Wi-Fi-RFID\PCB\ESP RFID\ESP_SCH.SchDoc with VT_01 from Symbols GOST.SchLib
Replace Symbol from XS1 usb in C:\Users\rulo9\Documents\GitHub\ESP8266-Wi-Fi-RFID\PCB\ESP RFID\ESP_SCH.SchDoc with usb from Symbols GOST.SchLib
Replace Symbol from XS2 lipo in C:\Users\rulo9\Documents\GitHub\ESP8266-Wi-Fi-RFID\PCB\ESP RFID\ESP_SCH.SchDoc with lipo from Symbols GOST.SchLib
Replace Symbol from XS3 RC522 in C:\Users\rulo9\Documents\GitHub\ESP8266-Wi-Fi-RFID\PCB\ESP RFID\ESP_SCH.SchDoc with RC522 from Symbols GOST.SchLib
Replace Symbol from XS4 SSD1306 in C:\Users\rulo9\Documents\GitHub\ESP8266-Wi-Fi-RFID\PCB\ESP RFID\ESP_SCH.SchDoc with SSD1306 from Symbols GOST.SchLib
Replace Symbol from XS5 uSD in C:\Users\rulo9\Documents\GitHub\ESP8266-Wi-Fi-RFID\PCB\ESP RFID\ESP_SCH.SchDoc with uSD from Symbols GOST.SchLib
Replace Symbol from ZQ1 ZQ_01 in C:\Users\rulo9\Documents\GitHub\ESP8266-Wi-Fi-RFID\PCB\ESP RFID\ESP_SCH.SchDoc with ZQ_01 from Symbols GOST.SchLib
