Replace Symbol from DD1 MCP1725-3302E/MC in C:\Users\rulo9\Documents\GitHub\ESP8266-Wi-Fi-RFID\PCB\ESP RFID\ESP_SCH.SchDoc with MCP1725-3302E/MC from Symbols GOST.SchLib
Replace Symbol from DD2 MCP73831T in C:\Users\rulo9\Documents\GitHub\ESP8266-Wi-Fi-RFID\PCB\ESP RFID\ESP_SCH.SchDoc with MCP73831T from Symbols GOST.SchLib
Replace Symbol from DD3 ESP-12E in C:\Users\rulo9\Documents\GitHub\ESP8266-Wi-Fi-RFID\PCB\ESP RFID\ESP_SCH.SchDoc with ESP-12E from Symbols GOST.SchLib
Replace Symbol from DD4 PCF8563 in C:\Users\rulo9\Documents\GitHub\ESP8266-Wi-Fi-RFID\PCB\ESP RFID\ESP_SCH.SchDoc with PCF8563 from Symbols GOST.SchLib
Replace Symbol from HF1 HF in C:\Users\rulo9\Documents\GitHub\ESP8266-Wi-Fi-RFID\PCB\ESP RFID\ESP_SCH.SchDoc with HF from Symbols GOST.SchLib
Replace Symbol from HL? HL_02 in C:\Users\rulo9\Documents\GitHub\ESP8266-Wi-Fi-RFID\PCB\ESP RFID\ESP_SCH.SchDoc with HL_02 from Symbols GOST.SchLib
Replace Symbol from R1 R0805 in C:\Users\rulo9\Documents\GitHub\ESP8266-Wi-Fi-RFID\PCB\ESP RFID\ESP_SCH.SchDoc with R0805 from Symbols GOST.SchLib
Replace Symbol from R2 R0805 in C:\Users\rulo9\Documents\GitHub\ESP8266-Wi-Fi-RFID\PCB\ESP RFID\ESP_SCH.SchDoc with R0805 from Symbols GOST.SchLib
Replace Symbol from R3 R0805 in C:\Users\rulo9\Documents\GitHub\ESP8266-Wi-Fi-RFID\PCB\ESP RFID\ESP_SCH.SchDoc with R0805 from Symbols GOST.SchLib
Replace Symbol from R4 R0805 in C:\Users\rulo9\Documents\GitHub\ESP8266-Wi-Fi-RFID\PCB\ESP RFID\ESP_SCH.SchDoc with R0805 from Symbols GOST.SchLib
Replace Symbol from R5 R0805 in C:\Users\rulo9\Documents\GitHub\ESP8266-Wi-Fi-RFID\PCB\ESP RFID\ESP_SCH.SchDoc with R0805 from Symbols GOST.SchLib
Replace Symbol from R6 R0805 in C:\Users\rulo9\Documents\GitHub\ESP8266-Wi-Fi-RFID\PCB\ESP RFID\ESP_SCH.SchDoc with R0805 from Symbols GOST.SchLib
Replace Symbol from R7 R0805 in C:\Users\rulo9\Documents\GitHub\ESP8266-Wi-Fi-RFID\PCB\ESP RFID\ESP_SCH.SchDoc with R0805 from Symbols GOST.SchLib
Replace Symbol from R8 R0805 in C:\Users\rulo9\Documents\GitHub\ESP8266-Wi-Fi-RFID\PCB\ESP RFID\ESP_SCH.SchDoc with R0805 from Symbols GOST.SchLib
Replace Symbol from R9 R0805 in C:\Users\rulo9\Documents\GitHub\ESP8266-Wi-Fi-RFID\PCB\ESP RFID\ESP_SCH.SchDoc with R0805 from Symbols GOST.SchLib
Replace Symbol from R10 R0805 in C:\Users\rulo9\Documents\GitHub\ESP8266-Wi-Fi-RFID\PCB\ESP RFID\ESP_SCH.SchDoc with R0805 from Symbols GOST.SchLib
Replace Symbol from R11 R0805 in C:\Users\rulo9\Documents\GitHub\ESP8266-Wi-Fi-RFID\PCB\ESP RFID\ESP_SCH.SchDoc with R0805 from Symbols GOST.SchLib
Replace Symbol from R12 R0805 in C:\Users\rulo9\Documents\GitHub\ESP8266-Wi-Fi-RFID\PCB\ESP RFID\ESP_SCH.SchDoc with R0805 from Symbols GOST.SchLib
Replace Symbol from R13 R0805 in C:\Users\rulo9\Documents\GitHub\ESP8266-Wi-Fi-RFID\PCB\ESP RFID\ESP_SCH.SchDoc with R0805 from Symbols GOST.SchLib
Replace Symbol from R14 R0805 in C:\Users\rulo9\Documents\GitHub\ESP8266-Wi-Fi-RFID\PCB\ESP RFID\ESP_SCH.SchDoc with R0805 from Symbols GOST.SchLib
Replace Symbol from R15 R0805 in C:\Users\rulo9\Documents\GitHub\ESP8266-Wi-Fi-RFID\PCB\ESP RFID\ESP_SCH.SchDoc with R0805 from Symbols GOST.SchLib
Replace Symbol from R16 R0805 in C:\Users\rulo9\Documents\GitHub\ESP8266-Wi-Fi-RFID\PCB\ESP RFID\ESP_SCH.SchDoc with R0805 from Symbols GOST.SchLib
Replace Symbol from R17 R0805 in C:\Users\rulo9\Documents\GitHub\ESP8266-Wi-Fi-RFID\PCB\ESP RFID\ESP_SCH.SchDoc with R0805 from Symbols GOST.SchLib
Replace Symbol from R18 R0805 in C:\Users\rulo9\Documents\GitHub\ESP8266-Wi-Fi-RFID\PCB\ESP RFID\ESP_SCH.SchDoc with R0805 from Symbols GOST.SchLib
Replace Symbol from R19 R0805 in C:\Users\rulo9\Documents\GitHub\ESP8266-Wi-Fi-RFID\PCB\ESP RFID\ESP_SCH.SchDoc with R0805 from Symbols GOST.SchLib
Replace Symbol from R20 R0805 in C:\Users\rulo9\Documents\GitHub\ESP8266-Wi-Fi-RFID\PCB\ESP RFID\ESP_SCH.SchDoc with R0805 from Symbols GOST.SchLib
Replace Symbol from R21 R0805 in C:\Users\rulo9\Documents\GitHub\ESP8266-Wi-Fi-RFID\PCB\ESP RFID\ESP_SCH.SchDoc with R0805 from Symbols GOST.SchLib
Replace Symbol from R22 R0805 in C:\Users\rulo9\Documents\GitHub\ESP8266-Wi-Fi-RFID\PCB\ESP RFID\ESP_SCH.SchDoc with R0805 from Symbols GOST.SchLib
Replace Symbol from U1 CP2104-F03-GM in C:\Users\rulo9\Documents\GitHub\ESP8266-Wi-Fi-RFID\PCB\ESP RFID\ESP_SCH.SchDoc with CP2104-F03-GM from Symbols GOST.SchLib
Replace Symbol from U2 ATmega8A-MUR in C:\Users\rulo9\Documents\GitHub\ESP8266-Wi-Fi-RFID\PCB\ESP RFID\ESP_SCH.SchDoc with ATmega8A-MUR from Symbols GOST.SchLib
Replace Symbol from XS1 usb in C:\Users\rulo9\Documents\GitHub\ESP8266-Wi-Fi-RFID\PCB\ESP RFID\ESP_SCH.SchDoc with usb from Symbols GOST.SchLib
Replace Symbol from XS2 RC522 in C:\Users\rulo9\Documents\GitHub\ESP8266-Wi-Fi-RFID\PCB\ESP RFID\ESP_SCH.SchDoc with RC522 from Symbols GOST.SchLib
Replace Symbol from XS3 SSD1306 in C:\Users\rulo9\Documents\GitHub\ESP8266-Wi-Fi-RFID\PCB\ESP RFID\ESP_SCH.SchDoc with SSD1306 from Symbols GOST.SchLib
Replace Symbol from XS4 uSD in C:\Users\rulo9\Documents\GitHub\ESP8266-Wi-Fi-RFID\PCB\ESP RFID\ESP_SCH.SchDoc with uSD from Symbols GOST.SchLib
